2024-01-15T10:00:01 INFO 200 GET /api/products response_size=1423 duration_ms=45
2024-01-15T10:00:02 INFO 200 GET /api/products response_size=1423 duration_ms=47
2024-01-15T10:00:03 INFO 200 POST /api/checkout response_size=892 duration_ms=210
2024-01-15T10:00:04 INFO 200 GET /api/user/profile response_size=654 duration_ms=32
2024-01-15T10:00:05 INFO 200 GET /api/products response_size=1423 duration_ms=44
2024-01-15T10:00:06 INFO 200 POST /api/auth/refresh response_size=0 duration_ms=88
2024-01-15T10:00:07 INFO 200 GET /api/products response_size=1423 duration_ms=46
2024-01-15T10:00:08 INFO 200 POST /api/auth/refresh response_size=0 duration_ms=91
2024-01-15T10:00:09 INFO 200 GET /api/recommendations response_size=0 duration_ms=120
2024-01-15T10:00:10 INFO 200 POST /api/checkout response_size=892 duration_ms=215
2024-01-15T10:00:11 INFO 200 GET /api/products response_size=1423 duration_ms=43
2024-01-15T10:00:12 INFO 404 GET /api/cart/items response_size=42 duration_ms=12 error="resource not found"
2024-01-15T10:00:13 INFO 200 GET /api/products response_size=1423 duration_ms=48
2024-01-15T10:00:14 INFO 200 POST /api/auth/refresh response_size=0 duration_ms=94
2024-01-15T10:00:15 INFO 200 GET /api/user/profile response_size=654 duration_ms=33
2024-01-15T10:00:16 INFO 200 GET /api/recommendations response_size=0 duration_ms=118
2024-01-15T10:00:17 INFO 200 GET /api/products response_size=1423 duration_ms=45
2024-01-15T10:00:18 INFO 404 GET /api/cart/items response_size=42 duration_ms=11 error="resource not found"
2024-01-15T10:00:19 INFO 200 POST /api/checkout response_size=892 duration_ms=218
2024-01-15T10:00:20 INFO 200 GET /api/products response_size=1423 duration_ms=44
2024-01-15T10:00:21 INFO 200 POST /api/auth/refresh response_size=0 duration_ms=90
2024-01-15T10:00:22 INFO 200 GET /api/user/profile response_size=654 duration_ms=31
2024-01-15T10:00:23 INFO 200 GET /api/recommendations response_size=0 duration_ms=125
2024-01-15T10:00:24 INFO 200 GET /api/products response_size=1423 duration_ms=46
2024-01-15T10:00:25 INFO 404 GET /api/cart/items response_size=42 duration_ms=13 error="resource not found"
2024-01-15T10:00:26 INFO 200 POST /api/checkout response_size=892 duration_ms=1870
2024-01-15T10:00:27 INFO 200 GET /api/products response_size=1423 duration_ms=45
2024-01-15T10:00:28 INFO 200 POST /api/auth/refresh response_size=0 duration_ms=92
2024-01-15T10:00:29 INFO 200 GET /api/user/profile response_size=654 duration_ms=34
2024-01-15T10:00:30 INFO 200 GET /api/products response_size=1423 duration_ms=43
2024-01-15T10:00:31 INFO 404 GET /api/cart/items response_size=42 duration_ms=12 error="resource not found"
2024-01-15T10:00:32 INFO 200 POST /api/checkout response_size=892 duration_ms=212
2024-01-15T10:00:33 INFO 200 GET /api/recommendations response_size=0 duration_ms=119
2024-01-15T10:00:34 INFO 200 GET /api/products response_size=1423 duration_ms=47
2024-01-15T10:00:35 INFO 200 POST /api/auth/refresh response_size=0 duration_ms=88
2024-01-15T10:00:36 INFO 200 GET /api/user/profile response_size=654 duration_ms=32
2024-01-15T10:00:37 INFO 200 GET /api/products response_size=1423 duration_ms=44
2024-01-15T10:00:38 INFO 404 GET /api/cart/items response_size=42 duration_ms=11 error="resource not found"
2024-01-15T10:00:39 INFO 200 POST /api/checkout response_size=892 duration_ms=2340
2024-01-15T10:00:40 INFO 200 GET /api/products response_size=1423 duration_ms=45
2024-01-15T10:00:41 INFO 200 POST /api/auth/refresh response_size=0 duration_ms=93
2024-01-15T10:00:42 INFO 200 GET /api/recommendations response_size=0 duration_ms=122
2024-01-15T10:00:43 INFO 200 GET /api/products response_size=1423 duration_ms=46
2024-01-15T10:00:44 INFO 404 GET /api/cart/items response_size=42 duration_ms=12 error="resource not found"
2024-01-15T10:00:45 INFO 200 POST /api/checkout response_size=892 duration_ms=208
2024-01-15T10:00:46 INFO 200 GET /api/user/profile response_size=654 duration_ms=33
2024-01-15T10:00:47 INFO 200 GET /api/products response_size=1423 duration_ms=44
2024-01-15T10:00:48 INFO 200 POST /api/auth/refresh response_size=0 duration_ms=89
2024-01-15T10:00:49 INFO 200 GET /api/products response_size=1423 duration_ms=47
2024-01-15T10:00:50 INFO 404 GET /api/cart/items response_size=42 duration_ms=13 error="resource not found"
2024-01-15T10:00:51 INFO 200 POST /api/checkout response_size=892 duration_ms=214
2024-01-15T10:00:52 INFO 200 GET /api/recommendations response_size=0 duration_ms=117
2024-01-15T10:00:53 INFO 200 GET /api/products response_size=1423 duration_ms=45
2024-01-15T10:00:54 INFO 200 POST /api/auth/refresh response_size=0 duration_ms=91
2024-01-15T10:00:55 INFO 200 GET /api/user/profile response_size=654 duration_ms=31
2024-01-15T10:00:56 INFO 200 GET /api/products response_size=1423 duration_ms=44
2024-01-15T10:00:57 INFO 404 GET /api/cart/items response_size=42 duration_ms=12 error="resource not found"
2024-01-15T10:00:58 INFO 200 POST /api/checkout response_size=892 duration_ms=1950
2024-01-15T10:00:59 INFO 200 GET /api/products response_size=1423 duration_ms=46
2024-01-15T10:01:00 INFO 200 POST /api/auth/refresh response_size=0 duration_ms=87
2024-01-15T10:01:01 INFO 200 GET /api/recommendations response_size=0 duration_ms=121
2024-01-15T10:01:02 INFO 200 GET /api/products response_size=1423 duration_ms=45
